\BOOKMARK [1][-]{section.1}{\376\377\000G\000e\000o\000m\000e\000t\000r\000y}{}% 1
\BOOKMARK [2][-]{subsection.1.1}{\376\377\116\214\176\364\121\340\117\125\127\372\170\100\144\315\117\134}{section.1}% 2
\BOOKMARK [2][-]{subsection.1.2}{\376\377\145\164\145\160\123\112\136\163\227\142\116\244}{section.1}% 3
\BOOKMARK [2][-]{subsection.1.3}{\376\377\121\370\123\005\213\342\225\356\377\032\121\370\123\005\121\205\060\001\122\007\160\271\060\001\116\244\160\271\060\001\147\000\217\321\160\271}{section.1}% 4
\BOOKMARK [2][-]{subsection.1.4}{\376\377\160\271\060\001\176\277\153\265\127\050\173\200\123\125\131\032\217\271\137\142\121\205}{section.1}% 5
\BOOKMARK [2][-]{subsection.1.5}{\376\377\000O\000\050\000n\000\040\000\040\0002\000\051\000\040\000E\000a\000r\000\040\000C\000l\000i\000p\000p\000i\000n\000g\000\040\116\011\211\322\122\126\122\006}{section.1}% 6
\BOOKMARK [2][-]{subsection.1.6}{\376\377\123\125\143\322\121\145\122\250\140\001\121\370\123\005}{section.1}% 7
\BOOKMARK [2][-]{subsection.1.7}{\376\377\127\006}{section.1}% 8
\BOOKMARK [2][-]{subsection.1.8}{\376\377\127\006\123\315\157\024\060\001\226\077\154\342\177\127\134\074\203\050\127\006}{section.1}% 9
\BOOKMARK [2][-]{subsection.1.9}{\376\377\127\006\136\166}{section.1}% 10
\BOOKMARK [2][-]{subsection.1.10}{\376\377\131\032\217\271\137\142\116\016\127\006\116\244}{section.1}% 11
\BOOKMARK [2][-]{subsection.1.11}{\376\377\164\003\227\142\127\372\170\100\000,\000\040\176\317\176\254\136\246\164\003\227\142\215\335\171\273}{section.1}% 12
\BOOKMARK [2][-]{subsection.1.12}{\376\377\127\006\116\012\145\164\160\271}{section.1}% 13
\BOOKMARK [2][-]{subsection.1.13}{\376\377\116\011\166\370\116\113\122\233}{section.1}% 14
\BOOKMARK [2][-]{subsection.1.14}{\376\377\166\370\121\163\121\154\137\017}{section.1}% 15
\BOOKMARK [3][-]{subsubsection.1.14.1}{\376\377\000H\000e\000r\000o\000n\000'\000s\000\040\000F\000o\000r\000m\000u\000l\000a}{subsection.1.14}% 16
\BOOKMARK [3][-]{subsubsection.1.14.2}{\376\377\126\333\227\142\117\123\121\205\143\245\164\003\164\003\137\303}{subsection.1.14}% 17
\BOOKMARK [3][-]{subsubsection.1.14.3}{\376\377\116\011\211\322\137\142\121\205\137\303}{subsection.1.14}% 18
\BOOKMARK [3][-]{subsubsection.1.14.4}{\376\377\116\011\211\322\137\142\131\026\137\303}{subsection.1.14}% 19
\BOOKMARK [3][-]{subsubsection.1.14.5}{\376\377\116\011\211\322\137\142\127\202\137\303}{subsection.1.14}% 20
\BOOKMARK [3][-]{subsubsection.1.14.6}{\376\377\116\011\211\322\137\142\120\117\137\303}{subsection.1.14}% 21
\BOOKMARK [3][-]{subsubsection.1.14.7}{\376\377\116\011\211\322\137\142\121\205\143\245\131\026\143\245\127\006\123\112\137\204}{subsection.1.14}% 22
\BOOKMARK [3][-]{subsubsection.1.14.8}{\376\377\000P\000i\000c\000k\000'\000s\000\040\000T\000h\000e\000o\000r\000e\000m\000\040\150\074\160\271\131\032\217\271\137\142\227\142\171\357}{subsection.1.14}% 23
\BOOKMARK [3][-]{subsubsection.1.14.9}{\376\377\000E\000u\000l\000e\000r\000'\000s\000\040\000F\000o\000r\000m\000u\000l\000a\000\040\131\032\227\142\117\123\116\016\136\163\227\142\126\376\166\204\160\271\060\001\217\271\060\001\227\142}{subsection.1.14}% 24
\BOOKMARK [3][-]{subsubsection.1.14.10}{\376\377\116\011\211\322\121\154\137\017}{subsection.1.14}% 25
\BOOKMARK [3][-]{subsubsection.1.14.11}{\376\377\215\205\164\003\127\120\150\007\174\373}{subsection.1.14}% 26
\BOOKMARK [3][-]{subsubsection.1.14.12}{\376\377\116\011\176\364\145\313\217\154\121\154\137\017}{subsection.1.14}% 27
\BOOKMARK [3][-]{subsubsection.1.14.13}{\376\377\172\313\117\123\211\322\121\154\137\017}{subsection.1.14}% 28
\BOOKMARK [3][-]{subsubsection.1.14.14}{\376\377\136\070\165\050\117\123\171\357\121\154\137\017}{subsection.1.14}% 29
\BOOKMARK [3][-]{subsubsection.1.14.15}{\376\377\142\107\137\142\116\016\127\006\137\047\221\315\137\303}{subsection.1.14}% 30
\BOOKMARK [3][-]{subsubsection.1.14.16}{\376\377\232\330\176\364\164\003\117\123\171\357}{subsection.1.14}% 31
\BOOKMARK [2][-]{subsection.1.15}{\376\377\116\011\176\364\121\340\117\125\127\372\170\100\144\315\117\134}{section.1}% 32
\BOOKMARK [2][-]{subsection.1.16}{\376\377\116\011\176\364\121\370\123\005}{section.1}% 33
\BOOKMARK [2][-]{subsection.1.17}{\376\377\147\000\134\017\211\206\166\326\164\003}{section.1}% 34
\BOOKMARK [1][-]{section.2}{\376\377\000T\000r\000e\000e\000\040\000\046\000\040\000G\000r\000a\000p\000h}{}% 35
\BOOKMARK [2][-]{subsection.2.1}{\376\377\000H\000o\000p\000c\000r\000o\000f\000t\000-\000K\000a\000r\000p\000\040\000O\000\050\000V\000\040\000E\000\051}{section.2}% 36
\BOOKMARK [2][-]{subsection.2.2}{\376\377\000H\000u\000n\000g\000a\000r\000i\000a\000n\000\040\000O\000\050\000V\000\040\000E\000\040\000/\000\040\000w\000\051}{section.2}% 37
\BOOKMARK [2][-]{subsection.2.3}{\376\377\000S\000h\000u\000f\000f\000l\000e\000\040\116\000\202\054\126\376\147\000\131\047\123\071\221\115\000\040\000O\000\050\000V\000\040\000E\000\051}{section.2}% 38
\BOOKMARK [2][-]{subsection.2.4}{\376\377\147\201\131\047\126\342\213\241\145\160}{section.2}% 39
\BOOKMARK [2][-]{subsection.2.5}{\376\377\000K\000M\000\040\147\000\131\047\147\103\123\071\221\115\000\040\000O\000\050\000V\0003\000\051}{section.2}% 40
\BOOKMARK [2][-]{subsection.2.6}{\376\377\153\047\142\311\126\336\215\357}{section.2}% 41
\BOOKMARK [2][-]{subsection.2.7}{\376\377\0002\000-\000S\000A\000T\000,\000\040\137\072\217\336\220\032\122\006\221\317\000\040\000/\000\040\000B\000i\000t\000s\000e\000t\000\040\000K\000o\000s\000a\000r\000a\000j\000u}{section.2}% 42
\BOOKMARK [2][-]{subsection.2.8}{\376\377\000T\000a\000r\000j\000a\000n\000\040\160\271\123\314\377\014\217\271\123\314}{section.2}% 43
\BOOKMARK [2][-]{subsection.2.9}{\376\377\000D\000o\000m\000i\000n\000a\000t\000o\000r\000\040\000T\000r\000e\000e\000\040\145\057\221\115\150\021}{section.2}% 44
\BOOKMARK [2][-]{subsection.2.10}{\376\377\000D\000i\000n\000i\000c\000\040\147\000\131\047\155\101}{section.2}% 45
\BOOKMARK [2][-]{subsection.2.11}{\376\377\123\237\131\313\133\371\120\166\215\071\165\050\155\101}{section.2}% 46
\BOOKMARK [2][-]{subsection.2.12}{\376\377\206\132\150\021}{section.2}% 47
\BOOKMARK [2][-]{subsection.2.13}{\376\377\177\121\176\334\155\101\140\073\176\323}{section.2}% 48
\BOOKMARK [2][-]{subsection.2.14}{\376\377\000G\000o\000m\000o\000r\000y\000-\000H\000u\000\040\145\340\124\021\126\376\147\000\134\017\122\162\150\021\000O\000\050\000V\000\040\000\040\0003\000\040\000E\000\051}{section.2}% 49
\BOOKMARK [2][-]{subsection.2.15}{\376\377\000S\000t\000o\000e\000r\000-\000W\000a\000g\000n\000e\000r\145\340\124\021\126\376\147\000\134\017\122\162\000O\000\050\000V\000E\000\040\000+\000\040\000V\000\040\000\040\0002\000\040\000V\000\051}{section.2}% 50
\BOOKMARK [2][-]{subsection.2.16}{\376\377\137\046\126\376}{section.2}% 51
\BOOKMARK [2][-]{subsection.2.17}{\376\377\000M\000i\000n\000i\000m\000u\000m\000\040\000M\000e\000a\000n\000\040\000C\000y\000c\000l\000e\000\040\147\000\134\017\136\163\127\107\120\074\163\257\000\040\000O\000\050\000n\0002\000\051}{section.2}% 52
\BOOKMARK [2][-]{subsection.2.18}{\376\377\116\000\202\054\126\376\147\000\131\047\123\071\221\115\000\040\000-\000\040\000B\000l\000o\000s\000s\000o\000m}{section.2}% 53
\BOOKMARK [2][-]{subsection.2.19}{\376\377\126\376\213\272\176\323\213\272}{section.2}% 54
\BOOKMARK [3][-]{subsubsection.2.19.1}{\376\377\147\000\134\017\116\130\171\357\225\356\230\230\123\237\164\006}{subsection.2.19}% 55
\BOOKMARK [3][-]{subsubsection.2.19.2}{\376\377\147\000\134\017\163\257}{subsection.2.19}% 56
\BOOKMARK [3][-]{subsubsection.2.19.3}{\376\377\136\246\136\217\122\027\166\204\123\357\126\376\140\047}{subsection.2.19}% 57
\BOOKMARK [3][-]{subsubsection.2.19.4}{\376\377\122\007\153\324\226\352\131\053\215\335\171\273\116\016\146\374\124\310\230\177\215\335\171\273\217\154\123\026}{subsection.2.19}% 58
\BOOKMARK [3][-]{subsubsection.2.19.5}{\376\377\150\021\224\376\166\204\116\244}{subsection.2.19}% 59
\BOOKMARK [3][-]{subsubsection.2.19.6}{\376\377\136\046\117\356\145\071\000M\000S\000T}{subsection.2.19}% 60
\BOOKMARK [3][-]{subsubsection.2.19.7}{\376\377\135\356\122\006\176\246\147\137}{subsection.2.19}% 61
\BOOKMARK [3][-]{subsubsection.2.19.8}{\376\377\000S\000e\000g\000m\000e\000n\000t\000\040\000T\000r\000e\000e\000\040\000B\000e\000a\000t\000s}{subsection.2.19}% 62
\BOOKMARK [3][-]{subsubsection.2.19.9}{\376\377\116\214\122\006\126\376}{subsection.2.19}% 63
\BOOKMARK [3][-]{subsubsection.2.19.10}{\376\377\172\063\133\232\132\132\131\373\225\356\230\230}{subsection.2.19}% 64
\BOOKMARK [3][-]{subsubsection.2.19.11}{\376\377\172\336\215\133\126\376\000\040\000L\000a\000n\000d\000a\000u\000'\000s\000\040\000T\000h\000e\000o\000r\000e\000m}{subsection.2.19}% 65
\BOOKMARK [3][-]{subsubsection.2.19.12}{\376\377\000R\000a\000m\000s\000e\000y\000\040\000T\000h\000e\000o\000r\000e\000m\000\040\000R\000\050\0003\000,\0003\000\051\000=\0006\000,\000\040\000R\000\050\0004\000,\0004\000\051\000=\0001\0008}{subsection.2.19}% 66
\BOOKMARK [3][-]{subsubsection.2.19.13}{\376\377\150\021\166\204\213\241\145\160\000\040\000P\000r\000u\000f\000e\000r\136\217\122\027}{subsection.2.19}% 67
\BOOKMARK [3][-]{subsubsection.2.19.14}{\376\377\147\011\150\071\150\021\213\241\145\160\000\040\0001\000,\0001\000,\0002\000,\0004\000,\0009\000,\0002\0000\000,\0004\0008\000,\0001\0001\0005\000,\0002\0008\0006\000,\0007\0001\0009\000,\0001\0008\0004\0002\000,\0004\0007\0006\0006}{subsection.2.19}% 68
\BOOKMARK [3][-]{subsubsection.2.19.15}{\376\377\145\340\150\071\150\021\213\241\145\160}{subsection.2.19}% 69
\BOOKMARK [3][-]{subsubsection.2.19.16}{\376\377\165\037\142\020\150\021\213\241\145\160\000\040\000K\000i\000r\000c\000h\000h\000o\000f\000f\000'\000s\000\040\000M\000a\000t\000r\000i\000x\000-\000T\000r\000e\000e\000\040\000T\000h\000o\000e\000r\000e\000m}{subsection.2.19}% 70
\BOOKMARK [3][-]{subsubsection.2.19.17}{\376\377\147\011\124\021\126\376\153\047\142\311\126\336\215\357\213\241\145\160\000\040\000B\000E\000S\000T\000\040\000T\000h\000o\000e\000r\000e\000m}{subsection.2.19}% 71
\BOOKMARK [3][-]{subsubsection.2.19.18}{\376\377\000T\000u\000t\000t\000e\000\040\000M\000a\000t\000r\000i\000x}{subsection.2.19}% 72
\BOOKMARK [3][-]{subsubsection.2.19.19}{\376\377\000E\000d\000m\000o\000n\000d\000s\000\040\000M\000a\000t\000r\000i\000x}{subsection.2.19}% 73
\BOOKMARK [3][-]{subsubsection.2.19.20}{\376\377\147\011\124\021\126\376\145\340\163\257\133\232\124\021\000,\000\040\202\162\131\032\230\171\137\017}{subsection.2.19}% 74
\BOOKMARK [3][-]{subsubsection.2.19.21}{\376\377\142\337\226\065\116\244\225\356\230\230}{subsection.2.19}% 75
\BOOKMARK [3][-]{subsubsection.2.19.22}{\376\377\123\314\147\201\133\232\124\021}{subsection.2.19}% 76
\BOOKMARK [3][-]{subsubsection.2.19.23}{\376\377\126\376\116\055\166\204\163\257}{subsection.2.19}% 77
\BOOKMARK [1][-]{section.3}{\376\377\000D\000a\000t\000a\000\040\000S\000t\000r\000u\000c\000t\000u\000r\000e}{}% 78
\BOOKMARK [2][-]{subsection.3.1}{\376\377\227\136\220\022\137\122\176\277\153\265\150\021}{section.3}% 79
\BOOKMARK [3][-]{subsubsection.3.1.1}{\376\377\123\072\225\364\122\240\377\014\123\072\225\364\154\102\147\000\131\047\120\074}{subsection.3.1}% 80
\BOOKMARK [2][-]{subsection.3.2}{\376\377\160\271\122\006\154\273}{section.3}% 81
\BOOKMARK [2][-]{subsection.3.3}{\376\377\000L\000C\000T\000\040\122\250\140\001\150\021}{section.3}% 82
\BOOKMARK [2][-]{subsection.3.4}{\376\377\123\357\143\001\116\105\123\026\000\040\000T\000r\000e\000a\000p}{section.3}% 83
\BOOKMARK [2][-]{subsection.3.5}{\376\377\000P\000B\000D\000S\000\040\133\236\163\260\136\163\210\141\150\021}{section.3}% 84
\BOOKMARK [1][-]{section.4}{\376\377\000S\000t\000r\000i\000n\000g}{}% 85
\BOOKMARK [2][-]{subsection.4.1}{\376\377\147\000\134\017\210\150\171\072\154\325}{section.4}% 86
\BOOKMARK [2][-]{subsection.4.2}{\376\377\000M\000a\000n\000a\000c\000h\000e\000r}{section.4}% 87
\BOOKMARK [2][-]{subsection.4.3}{\376\377\000K\000M\000P\000,\000\040\000e\000x\000K\000M\000P}{section.4}% 88
\BOOKMARK [2][-]{subsection.4.4}{\376\377\000A\000C\000\040\201\352\122\250\147\072}{section.4}% 89
\BOOKMARK [2][-]{subsection.4.5}{\376\377\000L\000y\000d\000o\000n\000\040\000W\000o\000r\000d\000\040\000D\000e\000c\000o\000m\000p\000o\000s\000i\000t\000i\000o\000n}{section.4}% 90
\BOOKMARK [2][-]{subsection.4.6}{\376\377\124\016\177\000\201\352\122\250\147\072}{section.4}% 91
\BOOKMARK [2][-]{subsection.4.7}{\376\377\000S\000A\000M\000S\000A\000\040\000\046\000\040\124\016\177\000\150\021}{section.4}% 92
\BOOKMARK [2][-]{subsection.4.8}{\376\377\124\016\177\000\145\160\176\304}{section.4}% 93
\BOOKMARK [2][-]{subsection.4.9}{\376\377\000S\000u\000f\000f\000i\000x\000\040\000B\000a\000l\000a\000n\000c\000e\000d\000\040\000T\000r\000e\000e\000\040\124\016\177\000\136\163\210\141\150\021}{section.4}% 94
\BOOKMARK [2][-]{subsection.4.10}{\376\377\136\177\116\111\127\050\176\277\000\040\000S\000A\000M}{section.4}% 95
\BOOKMARK [2][-]{subsection.4.11}{\376\377\126\336\145\207\150\021}{section.4}% 96
\BOOKMARK [2][-]{subsection.4.12}{\376\377\000R\000u\000n\000s}{section.4}% 97
\BOOKMARK [2][-]{subsection.4.13}{\376\377\133\127\173\046\116\062\000\040\000H\000a\000s\000h}{section.4}% 98
\BOOKMARK [2][-]{subsection.4.14}{\376\377\000S\000t\000r\000i\000n\000g\000\040\000C\000o\000n\000c\000l\000u\000s\000i\000o\000n\000s}{section.4}% 99
\BOOKMARK [1][-]{section.5}{\376\377\000M\000a\000t\000h\000\040\145\160\133\146}{}% 100
\BOOKMARK [2][-]{subsection.5.1}{\376\377\000L\000o\000n\000g\000\040\000L\000o\000n\000g\000\040\000O\000\050\0001\000\051\000\040\116\130\000,\000\040\000B\000a\000r\000r\000e\000t\000t}{section.5}% 101
\BOOKMARK [2][-]{subsection.5.2}{\376\377\000e\000x\000g\000c\000d\000,\000\040\220\006\121\103}{section.5}% 102
\BOOKMARK [2][-]{subsection.5.3}{\376\377\000C\000R\000T\000\040\116\055\126\375\122\151\117\131\133\232\164\006}{section.5}% 103
\BOOKMARK [2][-]{subsection.5.4}{\376\377\000M\000i\000l\000l\000e\000r\000\040\000R\000a\000b\000i\000n\000,\000\040\000P\000o\000l\000l\000a\000r\000d\000\040\000R\000h\000o}{section.5}% 104
\BOOKMARK [2][-]{subsection.5.5}{\376\377\142\151\134\125\123\142\123\141\145\257}{section.5}% 105
\BOOKMARK [2][-]{subsection.5.6}{\376\377\226\066\116\130\123\326\152\041}{section.5}% 106
\BOOKMARK [2][-]{subsection.5.7}{\376\377\174\173\153\047\121\340\221\314\137\227\000\040\166\364\176\277\116\013\150\074\160\271\176\337\213\241}{section.5}% 107
\BOOKMARK [2][-]{subsection.5.8}{\376\377\116\007\200\375\153\047\121\340\221\314\137\267}{section.5}% 108
\BOOKMARK [2][-]{subsection.5.9}{\376\377\136\163\145\271\122\151\117\131}{section.5}% 109
\BOOKMARK [2][-]{subsection.5.10}{\376\377\176\277\140\047\124\014\117\131\116\015\173\111\137\017}{section.5}% 110
\BOOKMARK [2][-]{subsection.5.11}{\376\377\123\237\150\071}{section.5}% 111
\BOOKMARK [2][-]{subsection.5.12}{\376\377\000F\000F\000T}{section.5}% 112
\BOOKMARK [2][-]{subsection.5.13}{\376\377\000N\000T\000T}{section.5}% 113
\BOOKMARK [2][-]{subsection.5.14}{\376\377\000M\000T\000T\000\040\116\373\141\017\152\041\145\160\123\167\171\357}{section.5}% 114
\BOOKMARK [2][-]{subsection.5.15}{\376\377\131\032\230\171\137\017\217\320\173\227}{section.5}% 115
\BOOKMARK [3][-]{subsubsection.5.15.1}{\376\377\131\032\230\171\137\017\154\102\220\006\000\040\137\000\150\071\000\040\000l\000n\000\040\000e\000x\000p}{subsection.5.15}% 116
\BOOKMARK [3][-]{subsubsection.5.15.2}{\376\377\131\032\230\171\137\017\226\144\154\325\000\040\123\326\152\041}{subsection.5.15}% 117
\BOOKMARK [3][-]{subsubsection.5.15.3}{\376\377\131\032\160\271\154\102\120\074}{subsection.5.15}% 118
\BOOKMARK [3][-]{subsubsection.5.15.4}{\376\377\143\322\120\074}{subsection.5.15}% 119
\BOOKMARK [2][-]{subsection.5.16}{\376\377\176\277\140\047\220\022\143\250}{section.5}% 120
\BOOKMARK [2][-]{subsection.5.17}{\376\377\000B\000e\000r\000l\000e\000k\000a\000m\000p\000-\000M\000a\000s\000s\000e\000y\000\040\147\000\134\017\131\032\230\171\137\017}{section.5}% 121
\BOOKMARK [2][-]{subsection.5.18}{\376\377\000F\000W\000T}{section.5}% 122
\BOOKMARK [2][-]{subsection.5.19}{\376\377\000K\000\040\217\333\122\066\000\040\000F\000W\000T}{section.5}% 123
\BOOKMARK [2][-]{subsection.5.20}{\376\377\000S\000i\000m\000p\000l\000e\000x\000\040\123\125\176\257\137\142}{section.5}% 124
\BOOKMARK [2][-]{subsection.5.21}{\376\377\232\330\145\257\155\210\121\103\147\000\134\017\203\003\145\160\211\343}{section.5}% 125
\BOOKMARK [2][-]{subsection.5.22}{\376\377\000P\000e\000l\000l\000\040\145\271\172\013}{section.5}% 126
\BOOKMARK [2][-]{subsection.5.23}{\376\377\211\343\116\000\121\103\116\011\153\041\145\271\172\013}{section.5}% 127
\BOOKMARK [2][-]{subsection.5.24}{\376\377\201\352\220\002\136\224\000\040\000S\000i\000m\000p\000s\000o\000n}{section.5}% 128
\BOOKMARK [1][-]{section.6}{\376\377\000A\000p\000p\000e\000n\000d\000i\000x}{}% 129
\BOOKMARK [2][-]{subsection.6.1}{\376\377\000F\000o\000r\000m\000u\000l\000a\000s\000\040\121\154\137\017\210\150}{section.6}% 130
\BOOKMARK [3][-]{subsubsection.6.1.1}{\376\377\000M\000o\000b\000i\000u\000s\000\040\000I\000n\000v\000e\000r\000s\000i\000o\000n}{subsection.6.1}% 131
\BOOKMARK [3][-]{subsubsection.6.1.2}{\376\377\147\134\145\131\173\133}{subsection.6.1}% 132
\BOOKMARK [3][-]{subsubsection.6.1.3}{\376\377\226\115\136\102\121\154\137\017}{subsection.6.1}% 133
\BOOKMARK [3][-]{subsubsection.6.1.4}{\376\377\121\166\116\326\136\070\165\050\121\154\137\017}{subsection.6.1}% 134
\BOOKMARK [3][-]{subsubsection.6.1.5}{\376\377\123\125\117\115\150\071\123\315\157\024}{subsection.6.1}% 135
\BOOKMARK [3][-]{subsubsection.6.1.6}{\376\377\000A\000r\000i\000t\000h\000m\000e\000t\000i\000c\000\040\000F\000u\000n\000c\000t\000i\000o\000n}{subsection.6.1}% 136
\BOOKMARK [3][-]{subsubsection.6.1.7}{\376\377\000B\000i\000n\000o\000m\000i\000a\000l\000\040\000C\000o\000e\000f\000f\000i\000c\000i\000e\000n\000t\000s}{subsection.6.1}% 137
\BOOKMARK [3][-]{subsubsection.6.1.8}{\376\377\000F\000i\000b\000o\000n\000a\000c\000c\000i\000\040\000N\000u\000m\000b\000e\000r\000s\000,\000\040\000L\000u\000c\000a\000s\000\040\000N\000u\000m\000b\000e\000r\000s}{subsection.6.1}% 138
\BOOKMARK [3][-]{subsubsection.6.1.9}{\376\377\000S\000u\000m\000\040\000o\000f\000\040\000P\000o\000w\000e\000r\000s}{subsection.6.1}% 139
\BOOKMARK [3][-]{subsubsection.6.1.10}{\376\377\000C\000a\000t\000a\000l\000a\000n\000\040\000N\000u\000m\000b\000e\000r\000s\000\040\0001\000,\000\040\0001\000,\000\040\0002\000,\000\040\0005\000,\000\040\0001\0004\000,\000\040\0004\0002\000,\000\040\0001\0003\0002\000,\000\040\0004\0002\0009\000,\000\040\0001\0004\0003\0000\040\046}{subsection.6.1}% 140
\BOOKMARK [3][-]{subsubsection.6.1.11}{\376\377\000M\000o\000t\000z\000k\000i\000n\000\040\000N\000u\000m\000b\000e\000r\000s\000\040\0001\000,\000\040\0001\000,\000\040\0002\000,\000\040\0004\000,\000\040\0009\000,\000\040\0002\0001\000,\000\040\0005\0001\000,\000\040\0001\0002\0007\000,\000\040\0003\0002\0003\000,\000\040\0008\0003\0005\040\046}{subsection.6.1}% 141
\BOOKMARK [3][-]{subsubsection.6.1.12}{\376\377\000D\000e\000r\000a\000n\000g\000e\000m\000e\000n\000t\000\040\225\031\143\222\145\160\000\040\0000\000,\000\040\0001\000,\000\040\0002\000,\000\040\0009\000,\000\040\0004\0004\000,\000\040\0002\0006\0005\000,\000\040\0001\0008\0005\0004\000,\000\040\0001\0004\0008\0003\0003\040\046}{subsection.6.1}% 142
\BOOKMARK [3][-]{subsubsection.6.1.13}{\376\377\000B\000e\000l\000l\000\040\000N\000u\000m\000b\000e\000r\000s\000\040\0001\000,\000\040\0001\000,\000\040\0002\000,\000\040\0005\000,\000\040\0001\0005\000,\000\040\0005\0002\000,\000\040\0002\0000\0003\000,\000\040\0008\0007\0007\000,\000\040\0004\0001\0004\0000\000\040\040\046}{subsection.6.1}% 143
\BOOKMARK [3][-]{subsubsection.6.1.14}{\376\377\000S\000t\000i\000r\000l\000i\000n\000g\000\040\000N\000u\000m\000b\000e\000r\000s}{subsection.6.1}% 144
\BOOKMARK [3][-]{subsubsection.6.1.15}{\376\377\000E\000u\000l\000e\000r\000i\000a\000n\000\040\000N\000u\000m\000b\000e\000r\000s}{subsection.6.1}% 145
\BOOKMARK [3][-]{subsubsection.6.1.16}{\376\377\000H\000a\000r\000m\000o\000n\000i\000c\000\040\000N\000u\000m\000b\000e\000r\000s\000,\000\040\0001\000,\000\040\0003\000/\0002\000,\000\040\0001\0001\000/\0006\000,\000\040\0002\0005\000/\0001\0002\000,\000\040\0001\0003\0007\000/\0006\0000\040\046}{subsection.6.1}% 146
\BOOKMARK [3][-]{subsubsection.6.1.17}{\376\377\123\141\217\310\121\113\134\024\121\375\145\160}{subsection.6.1}% 147
\BOOKMARK [3][-]{subsubsection.6.1.18}{\376\377\154\102\142\306\122\006\145\160}{subsection.6.1}% 148
\BOOKMARK [3][-]{subsubsection.6.1.19}{\376\377\000B\000e\000r\000n\000o\000u\000l\000l\000i\000\040\000N\000u\000m\000b\000e\000r\000s\000\040\0001\000,\000\040\0001\000/\0002\000,\000\040\0001\000/\0006\000,\000\040\0000\000,\000\040\000-\0001\000/\0003\0000\000,\000\040\0000\000,\000\040\0001\000/\0004\0002\000\040\040\046}{subsection.6.1}% 149
\BOOKMARK [3][-]{subsubsection.6.1.20}{\376\377\000k\000M\000A\000X\000-\000M\000I\000N\123\315\157\024}{subsection.6.1}% 150
\BOOKMARK [3][-]{subsubsection.6.1.21}{\376\377\117\015\137\267\117\057\221\314\167\351\226\065\116\015\173\111\137\017}{subsection.6.1}% 151
\BOOKMARK [3][-]{subsubsection.6.1.22}{\376\377\000S\000u\000m\000\040\000o\000f\000\040\000S\000q\000u\000a\000r\000e\000s}{subsection.6.1}% 152
\BOOKMARK [3][-]{subsubsection.6.1.23}{\376\377\147\232\116\076\122\376\200\241\145\160\000\040\000P\000y\000t\000h\000a\000g\000o\000r\000e\000a\000n\000\040\000T\000r\000i\000p\000l\000e}{subsection.6.1}% 153
\BOOKMARK [3][-]{subsubsection.6.1.24}{\376\377\126\333\227\142\117\123\117\123\171\357\000\040\000T\000e\000t\000r\000a\000h\000e\000d\000r\000o\000n\000\040\000V\000o\000l\000u\000m\000e}{subsection.6.1}% 154
\BOOKMARK [3][-]{subsubsection.6.1.25}{\376\377\147\150\154\017\167\351\226\065\000\040\116\016\000\040\224\251\133\120\121\154\137\017}{subsection.6.1}% 155
\BOOKMARK [3][-]{subsubsection.6.1.26}{\376\377\136\070\211\301\123\132\137\010\156\070\142\017}{subsection.6.1}% 156
\BOOKMARK [3][-]{subsubsection.6.1.27}{\376\377\151\202\163\207\166\370\121\163}{subsection.6.1}% 157
\BOOKMARK [3][-]{subsubsection.6.1.28}{\376\377\220\273\143\245\167\351\226\065\210\114\122\027\137\017\166\204\141\017\116\111}{subsection.6.1}% 158
\BOOKMARK [3][-]{subsubsection.6.1.29}{\376\377\000O\000t\000h\000e\000r\000s\000\040\000\050\147\320\116\233\217\321\117\074\145\160\120\074\121\154\137\017\127\050\217\331\221\314\000\051}{subsection.6.1}% 159
\BOOKMARK [2][-]{subsection.6.2}{\376\377\000C\000a\000l\000c\000u\000l\000u\000s\000,\000\040\000I\000n\000t\000e\000g\000r\000a\000t\000i\000o\000n\000\040\000T\000a\000b\000l\000e\000\040\133\374\145\160\171\357\122\006\210\150}{section.6}% 160
\BOOKMARK [2][-]{subsection.6.3}{\376\377\000P\000y\000t\000h\000o\000n\000\040\000H\000i\000n\000t}{section.6}% 161
\BOOKMARK [1][-]{section.7}{\376\377\000M\000i\000s\000c\000e\000l\000l\000a\000n\000y}{}% 162
\BOOKMARK [2][-]{subsection.7.1}{\376\377\000Z\000e\000l\000l\000e\000r\000\040\145\345\147\037\121\154\137\017}{section.7}% 163
\BOOKMARK [2][-]{subsection.7.2}{\376\377\147\011\164\006\145\160\116\214\122\006\000:\000\040\000S\000t\000e\000r\000n\000-\000B\000r\000o\000c\000o\000t\000\040\150\021\000,\000\040\000F\000a\000r\000e\000y\000\040\136\217\122\027}{section.7}% 164
\BOOKMARK [2][-]{subsection.7.3}{\376\377\236\304\221\321\116\011\122\006}{section.7}% 165
\BOOKMARK [2][-]{subsection.7.4}{\376\377\000D\000P\000\040\117\030\123\026}{section.7}% 166
\BOOKMARK [3][-]{subsubsection.7.4.1}{\376\377\126\333\217\271\137\142\116\015\173\111\137\017}{subsection.7.4}% 167
\BOOKMARK [3][-]{subsubsection.7.4.2}{\376\377\150\021\137\142\200\314\123\005\117\030\123\026}{subsection.7.4}% 168
\BOOKMARK [3][-]{subsubsection.7.4.3}{\376\377\000O\000\050\000n\000\040\000a\000i\000\051\000\040\000S\000u\000b\000s\000e\000t\000\040\000S\000u\000m}{subsection.7.4}% 169
\BOOKMARK [2][-]{subsection.7.5}{\376\377\000H\000a\000s\000h\000\040\000T\000a\000b\000l\000e}{section.7}% 170
\BOOKMARK [2][-]{subsection.7.6}{\376\377\127\372\145\160\143\222\136\217}{section.7}% 171
\BOOKMARK [2][-]{subsection.7.7}{\376\377\000H\000a\000c\000k\000s\000:\000\040\000O\0003\000,\000\040\213\373\121\145\117\030\123\026\000,\000\040\000B\000i\000t\000s\000e\000t\000,\000\040\000b\000u\000i\000l\000t\000i\000n}{section.7}% 172
\BOOKMARK [2][-]{subsection.7.8}{\376\377\213\325\147\072\215\133\116\016\176\252\137\213\145\207\116\366}{section.7}% 173
\BOOKMARK [2][-]{subsection.7.9}{\376\377\000C\000o\000n\000s\000t\000a\000n\000t\000\040\000T\000a\000b\000l\000e\000\040\136\070\145\160\210\150}{section.7}% 174
